<!DOCTYPE html PUBLIC "-//W3C//DTD XHTML 1.1//EN" "http://www.w3.org/TR/xhtml11/DTD/xhtml11.dtd">
<html xmlns="http://www.w3.org/1999/xhtml">
<head>
<meta http-equiv="content-type" content="text/html; charset=UTF-8"/>
<title>TestNG Report</title>
<style type="text/css">table {margin-bottom:10px;border-collapse:collapse;empty-cells:show}th,td {border:1px solid #009;padding:.25em .5em}th {vertical-align:bottom}td {vertical-align:top}table a {font-weight:bold}.stripe td {background-color: #E6EBF9}.num {text-align:right}.passedodd td {background-color: #3F3}.passedeven td {background-color: #0A0}.skippedodd td {background-color: #DDD}.skippedeven td {background-color: #CCC}.failedodd td,.attn {background-color: #F33}.failedeven td,.stripe .attn {background-color: #D00}.stacktrace {white-space:pre;font-family:monospace}.totop {font-size:85%;text-align:center;border-bottom:2px solid #000}.invisible {display:none}</style>
</head>
<body>
<table>
<tr><th>Test</th><th># Passed</th><th># Skipped</th><th># Failed</th><th>Time (ms)</th><th>Included Groups</th><th>Excluded Groups</th></tr>
<tr><th colspan="7">Suite</th></tr>
<tr><td><a href="#t0">ChromeTest</a></td><td class="num">2</td><td class="num">0</td><td class="num attn">1</td><td class="num">87,422</td><td></td><td></td></tr>
<tr class="stripe"><td><a href="#t1">FirefoxTest</a></td><td class="num">2</td><td class="num">0</td><td class="num attn">1</td><td class="num">74,493</td><td></td><td></td></tr>
<tr><th>Total</th><th class="num">4</th><th class="num">0</th><th class="num attn">2</th><th class="num">161,915</th><th colspan="2"></th></tr>
</table>
<table id='summary'><thead><tr><th>Class</th><th>Method</th><th>Start</th><th>Time (ms)</th></tr></thead><tbody><tr><th colspan="4">Suite</th></tr></tbody><tbody id="t0"><tr><th colspan="4">ChromeTest &#8212; failed</th></tr><tr class="failedeven"><td rowspan="1">com.actitime.test.ValidLoginLogoutTest</td><td><a href="#m0">testValidLoginLogout</a></td><td rowspan="1">1543515067374</td><td rowspan="1">11752</td></tr><tr><th colspan="4">ChromeTest &#8212; passed</th></tr><tr class="passedeven"><td rowspan="1">com.actitime.test.InvalidLoginTest</td><td><a href="#m1">testInvalidLogin</a></td><td rowspan="1">1543515088295</td><td rowspan="1">14987</td></tr><tr class="passedodd"><td rowspan="1">com.actitime.test.VerifyVersionTest</td><td><a href="#m2">testVerifyVersion</a></td><td rowspan="1">1543515112047</td><td rowspan="1">312</td></tr></tbody>
<tbody id="t1"><tr><th colspan="4">FirefoxTest &#8212; failed</th></tr><tr class="failedeven"><td rowspan="1">com.actitime.test.ValidLoginLogoutTest</td><td><a href="#m3">testValidLoginLogout</a></td><td rowspan="1">1543515128135</td><td rowspan="1">6414</td></tr><tr><th colspan="4">FirefoxTest &#8212; passed</th></tr><tr class="passedeven"><td rowspan="1">com.actitime.test.InvalidLoginTest</td><td><a href="#m4">testInvalidLogin</a></td><td rowspan="1">1543515152247</td><td rowspan="1">14814</td></tr><tr class="passedodd"><td rowspan="1">com.actitime.test.VerifyVersionTest</td><td><a href="#m5">testVerifyVersion</a></td><td rowspan="1">1543515184440</td><td rowspan="1">221</td></tr></tbody>
</table>
<h2>ChromeTest</h2><h3 id="m0">com.actitime.test.ValidLoginLogoutTest#testValidLoginLogout</h3><table class="result"><tr><th>Messages</th></tr><tr><td><div class="messages">Title is >> actiTIME - Login</div></td></tr><tr><th>Exception</th></tr><tr><td><div class="stacktrace">org.openqa.selenium.ElementNotVisibleException: element not visible
  (Session info: chrome=70.0.3538.110)
  (Driver info: chromedriver=2.41.578737 (49da6702b16031c40d63e5618de03a32ff6c197e),platform=Windows NT 6.3.9600 x86_64) (WARNING: The server did not provide any stacktrace information)
Command duration or timeout: 0 milliseconds
Build info: version: &apos;3.14.0&apos;, revision: &apos;aacccce0&apos;, time: &apos;2018-08-02T20:13:22.693Z&apos;
System info: host: &apos;IND03563&apos;, ip: &apos;192.168.1.7&apos;, os.name: &apos;Windows 8.1&apos;, os.arch: &apos;amd64&apos;, os.version: &apos;6.3&apos;, java.version: &apos;9.0.4&apos;
Driver info: org.openqa.selenium.remote.RemoteWebDriver
Capabilities {acceptInsecureCerts: false, acceptSslCerts: false, applicationCacheEnabled: false, browserConnectionEnabled: false, browserName: chrome, chrome: {chromedriverVersion: 2.41.578737 (49da6702b16031..., userDataDir: C:\Users\SHUBHA~1.PAN\AppDa...}, cssSelectorsEnabled: true, databaseEnabled: false, goog:chromeOptions: {debuggerAddress: localhost:64048}, handlesAlerts: true, hasTouchScreen: false, javascriptEnabled: true, locationContextEnabled: true, mobileEmulationEnabled: false, nativeEvents: true, networkConnectionEnabled: false, pageLoadStrategy: normal, platform: XP, platformName: XP, rotatable: false, setWindowRect: true, takesHeapSnapshot: true, takesScreenshot: true, unexpectedAlertBehaviour: , unhandledPromptBehavior: , version: 70.0.3538.110, webStorageEnabled: true, webdriver.remote.sessionid: e9dcce1df05630bda2f3bd98901...}
Session ID: e9dcce1df05630bda2f3bd9890172cf4
	at org.openqa.selenium.remote.ErrorHandler.createThrowable(ErrorHandler.java:214)
	at org.openqa.selenium.remote.ErrorHandler.throwIfResponseFailed(ErrorHandler.java:166)
	at org.openqa.selenium.remote.http.JsonHttpResponseCodec.reconstructValue(JsonHttpResponseCodec.java:40)
	at org.openqa.selenium.remote.http.AbstractHttpResponseCodec.decode(AbstractHttpResponseCodec.java:80)
	at org.openqa.selenium.remote.http.AbstractHttpResponseCodec.decode(AbstractHttpResponseCodec.java:44)
	at org.openqa.selenium.remote.HttpCommandExecutor.execute(HttpCommandExecutor.java:158)
	at org.openqa.selenium.remote.RemoteWebDriver.execute(RemoteWebDriver.java:548)
	at org.openqa.selenium.remote.RemoteWebElement.execute(RemoteWebElement.java:276)
	at org.openqa.selenium.remote.RemoteWebElement.sendKeys(RemoteWebElement.java:100)
	at org.openqa.selenium.support.pagefactory.internal.LocatingElementHandler.invoke(LocatingElementHandler.java:51)
	at com.sun.proxy.$Proxy13.sendKeys(Unknown Source)
	at com.actitime.pages.LoginPage.enterUserName(LoginPage.java:40)
	at com.actitime.test.ValidLoginLogoutTest.testValidLoginLogout(ValidLoginLogoutTest.java:29)
... Removed 33 stack frames</div></td></tr></table><p class="totop"><a href="#summary">back to summary</a></p>
<h3 id="m1">com.actitime.test.InvalidLoginTest#testInvalidLogin</h3><table class="result"><tr><th>Messages</th></tr><tr><td><div class="messages">Title is >> actiTIME - Login<br/>User Name>> admin<br/>Password>> damager<br/>Element is present<br/>Actual Error message >>Username or Password is invalid. Please try again.<br/>Expected Error message>> Username or Password is invalid. Please try again.<br/>User Name>> <br/>Password>> <br/>Element is present<br/>Actual Error message >>Username or Password is invalid. Please try again.<br/>Expected Error message>> Username or Password is invalid. Please try again.<br/>User Name>> admin<br/>Password>> <br/>Element is present<br/>Actual Error message >>Username or Password is invalid. Please try again.<br/>Expected Error message>> Username or Password is invalid. Please try again.<br/>User Name>> <br/>Password>> manager<br/>Element is present<br/>Actual Error message >>Username or Password is invalid. Please try again.<br/>Expected Error message>> Username or Password is invalid. Please try again.<br/>User Name>> @<br/>Password>> #<br/>Element is present<br/>Actual Error message >>Username or Password is invalid. Please try again.<br/>Expected Error message>> Username or Password is invalid. Please try again.<br/>User Name>>  <br/>Password>> abc123<br/>Element is present<br/>Actual Error message >>Username or Password is invalid. Please try again.<br/>Expected Error message>> Username or Password is invalid. Please try again.</div></td></tr></table><p class="totop"><a href="#summary">back to summary</a></p>
<h3 id="m2">com.actitime.test.VerifyVersionTest#testVerifyVersion</h3><table class="result"><tr><th>Messages</th></tr><tr><td><div class="messages">Title is >> actiTIME - Login<br/>Element is present<br/>Actual Version>> actiTIME 2017.4<br/>Expected Version>> actiTIME 2017.4<br/>Version is Matching</div></td></tr></table><p class="totop"><a href="#summary">back to summary</a></p>
<h2>FirefoxTest</h2><h3 id="m3">com.actitime.test.ValidLoginLogoutTest#testValidLoginLogout</h3><table class="result"><tr><th>Messages</th></tr><tr><td><div class="messages">Title is >> actiTIME - Login<br/>Title is >> actiTIME - Enter Time-Track</div></td></tr><tr><th>Exception</th></tr><tr><td><div class="stacktrace">org.openqa.selenium.ElementClickInterceptedException: Element &lt;a id=&quot;logoutLink&quot; class=&quot;logout&quot; href=&quot;/logout.do&quot;&gt; is not clickable at point (1309,17) because another element &lt;div id=&quot;preInsertedTransformedMoireId&quot; class=&quot;transformedMoireClass&quot;&gt; obscures it
Build info: version: &apos;3.14.0&apos;, revision: &apos;aacccce0&apos;, time: &apos;2018-08-02T20:13:22.693Z&apos;
System info: host: &apos;IND03563&apos;, ip: &apos;192.168.1.7&apos;, os.name: &apos;Windows 8.1&apos;, os.arch: &apos;amd64&apos;, os.version: &apos;6.3&apos;, java.version: &apos;9.0.4&apos;
Driver info: org.openqa.selenium.remote.RemoteWebDriver
Capabilities {acceptInsecureCerts: false, browserName: firefox, browserVersion: 63.0.3, capabilities: {desiredCapabilities: {browserName: firefox}}, javascriptEnabled: true, moz:accessibilityChecks: false, moz:headless: false, moz:processID: 15444, moz:profile: C:\Users\shubham.pandey\App..., moz:useNonSpecCompliantPointerOrigin: false, moz:webdriverClick: true, pageLoadStrategy: normal, platform: WINDOWS, platformName: WINDOWS, platformVersion: 6.3, rotatable: false, setWindowRect: true, timeouts: {implicit: 0, pageLoad: 300000, script: 30000}, unhandledPromptBehavior: dismiss and notify, webdriver.remote.sessionid: daa11627-e76f-4a5e-98cc-b42...}
Session ID: daa11627-e76f-4a5e-98cc-b42d431fb32f
	at org.openqa.selenium.remote.http.W3CHttpResponseCodec.createException(W3CHttpResponseCodec.java:187)
	at org.openqa.selenium.remote.http.W3CHttpResponseCodec.decode(W3CHttpResponseCodec.java:122)
	at org.openqa.selenium.remote.http.W3CHttpResponseCodec.decode(W3CHttpResponseCodec.java:49)
	at org.openqa.selenium.remote.HttpCommandExecutor.execute(HttpCommandExecutor.java:158)
	at org.openqa.selenium.remote.RemoteWebDriver.execute(RemoteWebDriver.java:548)
	at org.openqa.selenium.remote.RemoteWebElement.execute(RemoteWebElement.java:276)
	at org.openqa.selenium.remote.RemoteWebElement.click(RemoteWebElement.java:83)
	at org.openqa.selenium.support.pagefactory.internal.LocatingElementHandler.invoke(LocatingElementHandler.java:51)
	at com.sun.proxy.$Proxy13.click(Unknown Source)
	at com.actitime.pages.EnterTimeTrackPage.clickOnLogout(EnterTimeTrackPage.java:56)
	at com.actitime.test.ValidLoginLogoutTest.testValidLoginLogout(ValidLoginLogoutTest.java:36)
... Removed 33 stack frames</div></td></tr></table><p class="totop"><a href="#summary">back to summary</a></p>
<h3 id="m4">com.actitime.test.InvalidLoginTest#testInvalidLogin</h3><table class="result"><tr><th>Messages</th></tr><tr><td><div class="messages">Title is >> actiTIME - Login<br/>User Name>> admin<br/>Password>> damager<br/>Element is present<br/>Actual Error message >>Username or Password is invalid. Please try again.<br/>Expected Error message>> Username or Password is invalid. Please try again.<br/>User Name>> <br/>Password>> <br/>Element is present<br/>Actual Error message >>Username or Password is invalid. Please try again.<br/>Expected Error message>> Username or Password is invalid. Please try again.<br/>User Name>> admin<br/>Password>> <br/>Element is present<br/>Actual Error message >>Username or Password is invalid. Please try again.<br/>Expected Error message>> Username or Password is invalid. Please try again.<br/>User Name>> <br/>Password>> manager<br/>Element is present<br/>Actual Error message >>Username or Password is invalid. Please try again.<br/>Expected Error message>> Username or Password is invalid. Please try again.<br/>User Name>> @<br/>Password>> #<br/>Element is present<br/>Actual Error message >>Username or Password is invalid. Please try again.<br/>Expected Error message>> Username or Password is invalid. Please try again.<br/>User Name>>  <br/>Password>> abc123<br/>Element is present<br/>Actual Error message >>Username or Password is invalid. Please try again.<br/>Expected Error message>> Username or Password is invalid. Please try again.</div></td></tr></table><p class="totop"><a href="#summary">back to summary</a></p>
<h3 id="m5">com.actitime.test.VerifyVersionTest#testVerifyVersion</h3><table class="result"><tr><th>Messages</th></tr><tr><td><div class="messages">Title is >> actiTIME - Login<br/>Element is present<br/>Actual Version>> actiTIME 2017.4<br/>Expected Version>> actiTIME 2017.4<br/>Version is Matching</div></td></tr></table><p class="totop"><a href="#summary">back to summary</a></p>
</body>
</html>
