<?xml version="1.0" encoding="UTF-8"?>
<testng-results ignored="0" total="6" passed="4" failed="2" skipped="0">
  <reporter-output>
    <line>
      <![CDATA[Title is >> actiTIME - Login]]>
    </line>
    <line>
      <![CDATA[Title is >> actiTIME - Login]]>
    </line>
    <line>
      <![CDATA[User Name>> admin]]>
    </line>
    <line>
      <![CDATA[Password>> damager]]>
    </line>
    <line>
      <![CDATA[Element is present]]>
    </line>
    <line>
      <![CDATA[Actual Error message >>Username or Password is invalid. Please try again.]]>
    </line>
    <line>
      <![CDATA[Expected Error message>> Username or Password is invalid. Please try again.]]>
    </line>
    <line>
      <![CDATA[User Name>> ]]>
    </line>
    <line>
      <![CDATA[Password>> ]]>
    </line>
    <line>
      <![CDATA[Element is present]]>
    </line>
    <line>
      <![CDATA[Actual Error message >>Username or Password is invalid. Please try again.]]>
    </line>
    <line>
      <![CDATA[Expected Error message>> Username or Password is invalid. Please try again.]]>
    </line>
    <line>
      <![CDATA[User Name>> admin]]>
    </line>
    <line>
      <![CDATA[Password>> ]]>
    </line>
    <line>
      <![CDATA[Element is present]]>
    </line>
    <line>
      <![CDATA[Actual Error message >>Username or Password is invalid. Please try again.]]>
    </line>
    <line>
      <![CDATA[Expected Error message>> Username or Password is invalid. Please try again.]]>
    </line>
    <line>
      <![CDATA[User Name>> ]]>
    </line>
    <line>
      <![CDATA[Password>> manager]]>
    </line>
    <line>
      <![CDATA[Element is present]]>
    </line>
    <line>
      <![CDATA[Actual Error message >>Username or Password is invalid. Please try again.]]>
    </line>
    <line>
      <![CDATA[Expected Error message>> Username or Password is invalid. Please try again.]]>
    </line>
    <line>
      <![CDATA[User Name>> @]]>
    </line>
    <line>
      <![CDATA[Password>> #]]>
    </line>
    <line>
      <![CDATA[Element is present]]>
    </line>
    <line>
      <![CDATA[Actual Error message >>Username or Password is invalid. Please try again.]]>
    </line>
    <line>
      <![CDATA[Expected Error message>> Username or Password is invalid. Please try again.]]>
    </line>
    <line>
      <![CDATA[User Name>>  ]]>
    </line>
    <line>
      <![CDATA[Password>> abc123]]>
    </line>
    <line>
      <![CDATA[Element is present]]>
    </line>
    <line>
      <![CDATA[Actual Error message >>Username or Password is invalid. Please try again.]]>
    </line>
    <line>
      <![CDATA[Expected Error message>> Username or Password is invalid. Please try again.]]>
    </line>
    <line>
      <![CDATA[Title is >> actiTIME - Login]]>
    </line>
    <line>
      <![CDATA[Element is present]]>
    </line>
    <line>
      <![CDATA[Actual Version>> actiTIME 2017.4]]>
    </line>
    <line>
      <![CDATA[Expected Version>> actiTIME 2017.4]]>
    </line>
    <line>
      <![CDATA[Version is Matching]]>
    </line>
    <line>
      <![CDATA[Title is >> actiTIME - Login]]>
    </line>
    <line>
      <![CDATA[Title is >> actiTIME - Enter Time-Track]]>
    </line>
    <line>
      <![CDATA[Title is >> actiTIME - Login]]>
    </line>
    <line>
      <![CDATA[User Name>> admin]]>
    </line>
    <line>
      <![CDATA[Password>> damager]]>
    </line>
    <line>
      <![CDATA[Element is present]]>
    </line>
    <line>
      <![CDATA[Actual Error message >>Username or Password is invalid. Please try again.]]>
    </line>
    <line>
      <![CDATA[Expected Error message>> Username or Password is invalid. Please try again.]]>
    </line>
    <line>
      <![CDATA[User Name>> ]]>
    </line>
    <line>
      <![CDATA[Password>> ]]>
    </line>
    <line>
      <![CDATA[Element is present]]>
    </line>
    <line>
      <![CDATA[Actual Error message >>Username or Password is invalid. Please try again.]]>
    </line>
    <line>
      <![CDATA[Expected Error message>> Username or Password is invalid. Please try again.]]>
    </line>
    <line>
      <![CDATA[User Name>> admin]]>
    </line>
    <line>
      <![CDATA[Password>> ]]>
    </line>
    <line>
      <![CDATA[Element is present]]>
    </line>
    <line>
      <![CDATA[Actual Error message >>Username or Password is invalid. Please try again.]]>
    </line>
    <line>
      <![CDATA[Expected Error message>> Username or Password is invalid. Please try again.]]>
    </line>
    <line>
      <![CDATA[User Name>> ]]>
    </line>
    <line>
      <![CDATA[Password>> manager]]>
    </line>
    <line>
      <![CDATA[Element is present]]>
    </line>
    <line>
      <![CDATA[Actual Error message >>Username or Password is invalid. Please try again.]]>
    </line>
    <line>
      <![CDATA[Expected Error message>> Username or Password is invalid. Please try again.]]>
    </line>
    <line>
      <![CDATA[User Name>> @]]>
    </line>
    <line>
      <![CDATA[Password>> #]]>
    </line>
    <line>
      <![CDATA[Element is present]]>
    </line>
    <line>
      <![CDATA[Actual Error message >>Username or Password is invalid. Please try again.]]>
    </line>
    <line>
      <![CDATA[Expected Error message>> Username or Password is invalid. Please try again.]]>
    </line>
    <line>
      <![CDATA[User Name>>  ]]>
    </line>
    <line>
      <![CDATA[Password>> abc123]]>
    </line>
    <line>
      <![CDATA[Element is present]]>
    </line>
    <line>
      <![CDATA[Actual Error message >>Username or Password is invalid. Please try again.]]>
    </line>
    <line>
      <![CDATA[Expected Error message>> Username or Password is invalid. Please try again.]]>
    </line>
    <line>
      <![CDATA[Title is >> actiTIME - Login]]>
    </line>
    <line>
      <![CDATA[Element is present]]>
    </line>
    <line>
      <![CDATA[Actual Version>> actiTIME 2017.4]]>
    </line>
    <line>
      <![CDATA[Expected Version>> actiTIME 2017.4]]>
    </line>
    <line>
      <![CDATA[Version is Matching]]>
    </line>
  </reporter-output>
  <suite started-at="2018-11-29T18:10:25Z" name="Suite" finished-at="2018-11-29T18:13:07Z" duration-ms="161993">
    <groups>
    </groups>
    <test started-at="2018-11-29T18:10:25Z" name="ChromeTest" finished-at="2018-11-29T18:11:52Z" duration-ms="87422">
      <class name="com.actitime.test.ValidLoginLogoutTest">
        <test-method is-config="true" signature="preCondition(java.lang.String, java.lang.String, java.lang.String)[pri:0, instance:com.actitime.test.ValidLoginLogoutTest@d5b810e]" started-at="2018-11-29T23:40:25Z" name="preCondition" finished-at="2018-11-29T23:41:07Z" duration-ms="42295" status="PASS">
          <params>
            <param index="0">
              <value>
                <![CDATA[http://localhost:4444/wd/hub/]]>
              </value>
            </param>
            <param index="1">
              <value>
                <![CDATA[chrome]]>
              </value>
            </param>
            <param index="2">
              <value>
                <![CDATA[https://demo.actitime.com/login.do]]>
              </value>
            </param>
          </params>
          <reporter-output>
          </reporter-output>
        </test-method> <!-- preCondition -->
        <test-method signature="testValidLoginLogout()[pri:1, instance:com.actitime.test.ValidLoginLogoutTest@d5b810e]" started-at="2018-11-29T23:41:07Z" name="testValidLoginLogout" finished-at="2018-11-29T23:41:19Z" duration-ms="11752" status="FAIL">
          <exception class="org.openqa.selenium.ElementNotVisibleException">
            <message>
              <![CDATA[element not visible  (Session info: chrome=70.0.3538.110)  (Driver info: chromedriver=2.41.578737 (49da6702b16031c40d63e5618de03a32ff6c197e),platform=Windows NT 6.3.9600 x86_64) (WARNING: The server did not provide any stacktrace information)Command duration or timeout: 0 millisecondsBuild info: version: '3.14.0', revision: 'aacccce0', time: '2018-08-02T20:13:22.693Z'System info: host: 'IND03563', ip: '192.168.1.7', os.name: 'Windows 8.1', os.arch: 'amd64', os.version: '6.3', java.version: '9.0.4'Driver info: org.openqa.selenium.remote.RemoteWebDriverCapabilities {acceptInsecureCerts: false, acceptSslCerts: false, applicationCacheEnabled: false, browserConnectionEnabled: false, browserName: chrome, chrome: {chromedriverVersion: 2.41.578737 (49da6702b16031..., userDataDir: C:\Users\SHUBHA~1.PAN\AppDa...}, cssSelectorsEnabled: true, databaseEnabled: false, goog:chromeOptions: {debuggerAddress: localhost:64048}, handlesAlerts: true, hasTouchScreen: false, javascriptEnabled: true, locationContextEnabled: true, mobileEmulationEnabled: false, nativeEvents: true, networkConnectionEnabled: false, pageLoadStrategy: normal, platform: XP, platformName: XP, rotatable: false, setWindowRect: true, takesHeapSnapshot: true, takesScreenshot: true, unexpectedAlertBehaviour: , unhandledPromptBehavior: , version: 70.0.3538.110, webStorageEnabled: true, webdriver.remote.sessionid: e9dcce1df05630bda2f3bd98901...}Session ID: e9dcce1df05630bda2f3bd9890172cf4]]>
            </message>
            <full-stacktrace>
              <![CDATA[org.openqa.selenium.ElementNotVisibleException: element not visible  (Session info: chrome=70.0.3538.110)  (Driver info: chromedriver=2.41.578737 (49da6702b16031c40d63e5618de03a32ff6c197e),platform=Windows NT 6.3.9600 x86_64) (WARNING: The server did not provide any stacktrace information)Command duration or timeout: 0 millisecondsBuild info: version: '3.14.0', revision: 'aacccce0', time: '2018-08-02T20:13:22.693Z'System info: host: 'IND03563', ip: '192.168.1.7', os.name: 'Windows 8.1', os.arch: 'amd64', os.version: '6.3', java.version: '9.0.4'Driver info: org.openqa.selenium.remote.RemoteWebDriverCapabilities {acceptInsecureCerts: false, acceptSslCerts: false, applicationCacheEnabled: false, browserConnectionEnabled: false, browserName: chrome, chrome: {chromedriverVersion: 2.41.578737 (49da6702b16031..., userDataDir: C:\Users\SHUBHA~1.PAN\AppDa...}, cssSelectorsEnabled: true, databaseEnabled: false, goog:chromeOptions: {debuggerAddress: localhost:64048}, handlesAlerts: true, hasTouchScreen: false, javascriptEnabled: true, locationContextEnabled: true, mobileEmulationEnabled: false, nativeEvents: true, networkConnectionEnabled: false, pageLoadStrategy: normal, platform: XP, platformName: XP, rotatable: false, setWindowRect: true, takesHeapSnapshot: true, takesScreenshot: true, unexpectedAlertBehaviour: , unhandledPromptBehavior: , version: 70.0.3538.110, webStorageEnabled: true, webdriver.remote.sessionid: e9dcce1df05630bda2f3bd98901...}Session ID: e9dcce1df05630bda2f3bd9890172cf4at java.base/jdk.internal.reflect.NativeConstructorAccessorImpl.newInstance0(Native Method)at java.base/jdk.internal.reflect.NativeConstructorAccessorImpl.newInstance(NativeConstructorAccessorImpl.java:62)at java.base/jdk.internal.reflect.DelegatingConstructorAccessorImpl.newInstance(DelegatingConstructorAccessorImpl.java:45)at java.base/java.lang.reflect.Constructor.newInstance(Constructor.java:488)at org.openqa.selenium.remote.ErrorHandler.createThrowable(ErrorHandler.java:214)at org.openqa.selenium.remote.ErrorHandler.throwIfResponseFailed(ErrorHandler.java:166)at org.openqa.selenium.remote.http.JsonHttpResponseCodec.reconstructValue(JsonHttpResponseCodec.java:40)at org.openqa.selenium.remote.http.AbstractHttpResponseCodec.decode(AbstractHttpResponseCodec.java:80)at org.openqa.selenium.remote.http.AbstractHttpResponseCodec.decode(AbstractHttpResponseCodec.java:44)at org.openqa.selenium.remote.HttpCommandExecutor.execute(HttpCommandExecutor.java:158)at org.openqa.selenium.remote.RemoteWebDriver.execute(RemoteWebDriver.java:548)at org.openqa.selenium.remote.RemoteWebElement.execute(RemoteWebElement.java:276)at org.openqa.selenium.remote.RemoteWebElement.sendKeys(RemoteWebElement.java:100)at java.base/jdk.internal.reflect.NativeMethodAccessorImpl.invoke0(Native Method)at java.base/jdk.internal.reflect.NativeMethodAccessorImpl.invoke(NativeMethodAccessorImpl.java:62)at java.base/jdk.internal.reflect.DelegatingMethodAccessorImpl.invoke(DelegatingMethodAccessorImpl.java:43)at java.base/java.lang.reflect.Method.invoke(Method.java:564)at org.openqa.selenium.support.pagefactory.internal.LocatingElementHandler.invoke(LocatingElementHandler.java:51)at com.sun.proxy.$Proxy13.sendKeys(Unknown Source)at com.actitime.pages.LoginPage.enterUserName(LoginPage.java:40)at com.actitime.test.ValidLoginLogoutTest.testValidLoginLogout(ValidLoginLogoutTest.java:29)at java.base/jdk.internal.reflect.NativeMethodAccessorImpl.invoke0(Native Method)at java.base/jdk.internal.reflect.NativeMethodAccessorImpl.invoke(NativeMethodAccessorImpl.java:62)at java.base/jdk.internal.reflect.DelegatingMethodAccessorImpl.invoke(DelegatingMethodAccessorImpl.java:43)at java.base/java.lang.reflect.Method.invoke(Method.java:564)at org.testng.internal.MethodInvocationHelper.invokeMethod(MethodInvocationHelper.java:124)at org.testng.internal.Invoker.invokeMethod(Invoker.java:571)at org.testng.internal.Invoker.invokeTestMethod(Invoker.java:707)at org.testng.internal.Invoker.invokeTestMethods(Invoker.java:979)at org.testng.internal.TestMethodWorker.invokeTestMethods(TestMethodWorker.java:125)at org.testng.internal.TestMethodWorker.run(TestMethodWorker.java:109)at org.testng.TestRunner.privateRun(TestRunner.java:648)at org.testng.TestRunner.run(TestRunner.java:505)at org.testng.SuiteRunner.runTest(SuiteRunner.java:455)at org.testng.SuiteRunner.runSequentially(SuiteRunner.java:450)at org.testng.SuiteRunner.privateRun(SuiteRunner.java:415)at org.testng.SuiteRunner.run(SuiteRunner.java:364)at org.testng.SuiteRunnerWorker.runSuite(SuiteRunnerWorker.java:52)at org.testng.SuiteRunnerWorker.run(SuiteRunnerWorker.java:84)at org.testng.TestNG.runSuitesSequentially(TestNG.java:1187)at org.testng.TestNG.runSuitesLocally(TestNG.java:1116)at org.testng.TestNG.runSuites(TestNG.java:1028)at org.testng.TestNG.run(TestNG.java:996)at org.testng.remote.AbstractRemoteTestNG.run(AbstractRemoteTestNG.java:114)at org.testng.remote.RemoteTestNG.initAndRun(RemoteTestNG.java:251)at org.testng.remote.RemoteTestNG.main(RemoteTestNG.java:77)]]>
            </full-stacktrace>
          </exception> <!-- org.openqa.selenium.ElementNotVisibleException -->
          <reporter-output>
            <line>
              <![CDATA[Title is >> actiTIME - Login]]>
            </line>
          </reporter-output>
        </test-method> <!-- testValidLoginLogout -->
        <test-method is-config="true" signature="postCondition(org.testng.ITestResult)[pri:0, instance:com.actitime.test.ValidLoginLogoutTest@d5b810e]" started-at="2018-11-29T23:41:19Z" name="postCondition" finished-at="2018-11-29T23:41:19Z" duration-ms="562" status="PASS">
          <params>
            <param index="0">
              <value>
                <![CDATA[[TestResult name=testValidLoginLogout status=FAILURE method=ValidLoginLogoutTest.testValidLoginLogout()[pri:1, instance:com.actitime.test.ValidLoginLogoutTest@d5b810e] output=Title is >> actiTIME - Login]]]>
              </value>
            </param>
          </params>
          <reporter-output>
          </reporter-output>
        </test-method> <!-- postCondition -->
      </class> <!-- com.actitime.test.ValidLoginLogoutTest -->
      <class name="com.actitime.test.InvalidLoginTest">
        <test-method is-config="true" signature="preCondition(java.lang.String, java.lang.String, java.lang.String)[pri:0, instance:com.actitime.test.InvalidLoginTest@2ed2d9cb]" started-at="2018-11-29T23:41:19Z" name="preCondition" finished-at="2018-11-29T23:41:28Z" duration-ms="8592" status="PASS">
          <params>
            <param index="0">
              <value>
                <![CDATA[http://localhost:4444/wd/hub/]]>
              </value>
            </param>
            <param index="1">
              <value>
                <![CDATA[chrome]]>
              </value>
            </param>
            <param index="2">
              <value>
                <![CDATA[https://demo.actitime.com/login.do]]>
              </value>
            </param>
          </params>
          <reporter-output>
          </reporter-output>
        </test-method> <!-- preCondition -->
        <test-method signature="testInvalidLogin()[pri:2, instance:com.actitime.test.InvalidLoginTest@2ed2d9cb]" started-at="2018-11-29T23:41:28Z" name="testInvalidLogin" finished-at="2018-11-29T23:41:43Z" duration-ms="14987" status="PASS">
          <reporter-output>
            <line>
              <![CDATA[Title is >> actiTIME - Login]]>
            </line>
            <line>
              <![CDATA[User Name>> admin]]>
            </line>
            <line>
              <![CDATA[Password>> damager]]>
            </line>
            <line>
              <![CDATA[Element is present]]>
            </line>
            <line>
              <![CDATA[Actual Error message >>Username or Password is invalid. Please try again.]]>
            </line>
            <line>
              <![CDATA[Expected Error message>> Username or Password is invalid. Please try again.]]>
            </line>
            <line>
              <![CDATA[User Name>> ]]>
            </line>
            <line>
              <![CDATA[Password>> ]]>
            </line>
            <line>
              <![CDATA[Element is present]]>
            </line>
            <line>
              <![CDATA[Actual Error message >>Username or Password is invalid. Please try again.]]>
            </line>
            <line>
              <![CDATA[Expected Error message>> Username or Password is invalid. Please try again.]]>
            </line>
            <line>
              <![CDATA[User Name>> admin]]>
            </line>
            <line>
              <![CDATA[Password>> ]]>
            </line>
            <line>
              <![CDATA[Element is present]]>
            </line>
            <line>
              <![CDATA[Actual Error message >>Username or Password is invalid. Please try again.]]>
            </line>
            <line>
              <![CDATA[Expected Error message>> Username or Password is invalid. Please try again.]]>
            </line>
            <line>
              <![CDATA[User Name>> ]]>
            </line>
            <line>
              <![CDATA[Password>> manager]]>
            </line>
            <line>
              <![CDATA[Element is present]]>
            </line>
            <line>
              <![CDATA[Actual Error message >>Username or Password is invalid. Please try again.]]>
            </line>
            <line>
              <![CDATA[Expected Error message>> Username or Password is invalid. Please try again.]]>
            </line>
            <line>
              <![CDATA[User Name>> @]]>
            </line>
            <line>
              <![CDATA[Password>> #]]>
            </line>
            <line>
              <![CDATA[Element is present]]>
            </line>
            <line>
              <![CDATA[Actual Error message >>Username or Password is invalid. Please try again.]]>
            </line>
            <line>
              <![CDATA[Expected Error message>> Username or Password is invalid. Please try again.]]>
            </line>
            <line>
              <![CDATA[User Name>>  ]]>
            </line>
            <line>
              <![CDATA[Password>> abc123]]>
            </line>
            <line>
              <![CDATA[Element is present]]>
            </line>
            <line>
              <![CDATA[Actual Error message >>Username or Password is invalid. Please try again.]]>
            </line>
            <line>
              <![CDATA[Expected Error message>> Username or Password is invalid. Please try again.]]>
            </line>
          </reporter-output>
        </test-method> <!-- testInvalidLogin -->
        <test-method is-config="true" signature="postCondition(org.testng.ITestResult)[pri:0, instance:com.actitime.test.InvalidLoginTest@2ed2d9cb]" started-at="2018-11-29T23:41:43Z" name="postCondition" finished-at="2018-11-29T23:41:43Z" duration-ms="201" status="PASS">
          <params>
            <param index="0">
              <value>
                <![CDATA[[TestResult name=testInvalidLogin status=SUCCESS method=InvalidLoginTest.testInvalidLogin()[pri:2, instance:com.actitime.test.InvalidLoginTest@2ed2d9cb] output=Title is >> actiTIME - Login]]]>
              </value>
            </param>
          </params>
          <reporter-output>
          </reporter-output>
        </test-method> <!-- postCondition -->
      </class> <!-- com.actitime.test.InvalidLoginTest -->
      <class name="com.actitime.test.VerifyVersionTest">
        <test-method is-config="true" signature="preCondition(java.lang.String, java.lang.String, java.lang.String)[pri:0, instance:com.actitime.test.VerifyVersionTest@43dac38f]" started-at="2018-11-29T23:41:43Z" name="preCondition" finished-at="2018-11-29T23:41:52Z" duration-ms="8564" status="PASS">
          <params>
            <param index="0">
              <value>
                <![CDATA[http://localhost:4444/wd/hub/]]>
              </value>
            </param>
            <param index="1">
              <value>
                <![CDATA[chrome]]>
              </value>
            </param>
            <param index="2">
              <value>
                <![CDATA[https://demo.actitime.com/login.do]]>
              </value>
            </param>
          </params>
          <reporter-output>
          </reporter-output>
        </test-method> <!-- preCondition -->
        <test-method signature="testVerifyVersion()[pri:3, instance:com.actitime.test.VerifyVersionTest@43dac38f]" started-at="2018-11-29T23:41:52Z" name="testVerifyVersion" finished-at="2018-11-29T23:41:52Z" duration-ms="312" status="PASS">
          <reporter-output>
            <line>
              <![CDATA[Title is >> actiTIME - Login]]>
            </line>
            <line>
              <![CDATA[Element is present]]>
            </line>
            <line>
              <![CDATA[Actual Version>> actiTIME 2017.4]]>
            </line>
            <line>
              <![CDATA[Expected Version>> actiTIME 2017.4]]>
            </line>
            <line>
              <![CDATA[Version is Matching]]>
            </line>
          </reporter-output>
        </test-method> <!-- testVerifyVersion -->
        <test-method is-config="true" signature="postCondition(org.testng.ITestResult)[pri:0, instance:com.actitime.test.VerifyVersionTest@43dac38f]" started-at="2018-11-29T23:41:52Z" name="postCondition" finished-at="2018-11-29T23:41:52Z" duration-ms="107" status="PASS">
          <params>
            <param index="0">
              <value>
                <![CDATA[[TestResult name=testVerifyVersion status=SUCCESS method=VerifyVersionTest.testVerifyVersion()[pri:3, instance:com.actitime.test.VerifyVersionTest@43dac38f] output=Title is >> actiTIME - Login]]]>
              </value>
            </param>
          </params>
          <reporter-output>
          </reporter-output>
        </test-method> <!-- postCondition -->
      </class> <!-- com.actitime.test.VerifyVersionTest -->
    </test> <!-- ChromeTest -->
    <test started-at="2018-11-29T18:11:52Z" name="FirefoxTest" finished-at="2018-11-29T18:13:07Z" duration-ms="74493">
      <class name="com.actitime.test.ValidLoginLogoutTest">
        <test-method is-config="true" signature="preCondition(java.lang.String, java.lang.String, java.lang.String)[pri:0, instance:com.actitime.test.ValidLoginLogoutTest@49049a04]" started-at="2018-11-29T23:41:52Z" name="preCondition" finished-at="2018-11-29T23:42:08Z" duration-ms="15571" status="PASS">
          <params>
            <param index="0">
              <value>
                <![CDATA[http://localhost:4444/wd/hub/]]>
              </value>
            </param>
            <param index="1">
              <value>
                <![CDATA[firefox]]>
              </value>
            </param>
            <param index="2">
              <value>
                <![CDATA[https://demo.actitime.com/login.do]]>
              </value>
            </param>
          </params>
          <reporter-output>
          </reporter-output>
        </test-method> <!-- preCondition -->
        <test-method signature="testValidLoginLogout()[pri:1, instance:com.actitime.test.ValidLoginLogoutTest@49049a04]" started-at="2018-11-29T23:42:08Z" name="testValidLoginLogout" finished-at="2018-11-29T23:42:14Z" duration-ms="6414" status="FAIL">
          <exception class="org.openqa.selenium.ElementClickInterceptedException">
            <message>
              <![CDATA[Element <a id="logoutLink" class="logout" href="/logout.do"> is not clickable at point (1309,17) because another element <div id="preInsertedTransformedMoireId" class="transformedMoireClass"> obscures itBuild info: version: '3.14.0', revision: 'aacccce0', time: '2018-08-02T20:13:22.693Z'System info: host: 'IND03563', ip: '192.168.1.7', os.name: 'Windows 8.1', os.arch: 'amd64', os.version: '6.3', java.version: '9.0.4'Driver info: org.openqa.selenium.remote.RemoteWebDriverCapabilities {acceptInsecureCerts: false, browserName: firefox, browserVersion: 63.0.3, capabilities: {desiredCapabilities: {browserName: firefox}}, javascriptEnabled: true, moz:accessibilityChecks: false, moz:headless: false, moz:processID: 15444, moz:profile: C:\Users\shubham.pandey\App..., moz:useNonSpecCompliantPointerOrigin: false, moz:webdriverClick: true, pageLoadStrategy: normal, platform: WINDOWS, platformName: WINDOWS, platformVersion: 6.3, rotatable: false, setWindowRect: true, timeouts: {implicit: 0, pageLoad: 300000, script: 30000}, unhandledPromptBehavior: dismiss and notify, webdriver.remote.sessionid: daa11627-e76f-4a5e-98cc-b42...}Session ID: daa11627-e76f-4a5e-98cc-b42d431fb32f]]>
            </message>
            <full-stacktrace>
              <![CDATA[org.openqa.selenium.ElementClickInterceptedException: Element <a id="logoutLink" class="logout" href="/logout.do"> is not clickable at point (1309,17) because another element <div id="preInsertedTransformedMoireId" class="transformedMoireClass"> obscures itBuild info: version: '3.14.0', revision: 'aacccce0', time: '2018-08-02T20:13:22.693Z'System info: host: 'IND03563', ip: '192.168.1.7', os.name: 'Windows 8.1', os.arch: 'amd64', os.version: '6.3', java.version: '9.0.4'Driver info: org.openqa.selenium.remote.RemoteWebDriverCapabilities {acceptInsecureCerts: false, browserName: firefox, browserVersion: 63.0.3, capabilities: {desiredCapabilities: {browserName: firefox}}, javascriptEnabled: true, moz:accessibilityChecks: false, moz:headless: false, moz:processID: 15444, moz:profile: C:\Users\shubham.pandey\App..., moz:useNonSpecCompliantPointerOrigin: false, moz:webdriverClick: true, pageLoadStrategy: normal, platform: WINDOWS, platformName: WINDOWS, platformVersion: 6.3, rotatable: false, setWindowRect: true, timeouts: {implicit: 0, pageLoad: 300000, script: 30000}, unhandledPromptBehavior: dismiss and notify, webdriver.remote.sessionid: daa11627-e76f-4a5e-98cc-b42...}Session ID: daa11627-e76f-4a5e-98cc-b42d431fb32fat java.base/jdk.internal.reflect.NativeConstructorAccessorImpl.newInstance0(Native Method)at java.base/jdk.internal.reflect.NativeConstructorAccessorImpl.newInstance(NativeConstructorAccessorImpl.java:62)at java.base/jdk.internal.reflect.DelegatingConstructorAccessorImpl.newInstance(DelegatingConstructorAccessorImpl.java:45)at java.base/java.lang.reflect.Constructor.newInstance(Constructor.java:488)at org.openqa.selenium.remote.http.W3CHttpResponseCodec.createException(W3CHttpResponseCodec.java:187)at org.openqa.selenium.remote.http.W3CHttpResponseCodec.decode(W3CHttpResponseCodec.java:122)at org.openqa.selenium.remote.http.W3CHttpResponseCodec.decode(W3CHttpResponseCodec.java:49)at org.openqa.selenium.remote.HttpCommandExecutor.execute(HttpCommandExecutor.java:158)at org.openqa.selenium.remote.RemoteWebDriver.execute(RemoteWebDriver.java:548)at org.openqa.selenium.remote.RemoteWebElement.execute(RemoteWebElement.java:276)at org.openqa.selenium.remote.RemoteWebElement.click(RemoteWebElement.java:83)at java.base/jdk.internal.reflect.NativeMethodAccessorImpl.invoke0(Native Method)at java.base/jdk.internal.reflect.NativeMethodAccessorImpl.invoke(NativeMethodAccessorImpl.java:62)at java.base/jdk.internal.reflect.DelegatingMethodAccessorImpl.invoke(DelegatingMethodAccessorImpl.java:43)at java.base/java.lang.reflect.Method.invoke(Method.java:564)at org.openqa.selenium.support.pagefactory.internal.LocatingElementHandler.invoke(LocatingElementHandler.java:51)at com.sun.proxy.$Proxy13.click(Unknown Source)at com.actitime.pages.EnterTimeTrackPage.clickOnLogout(EnterTimeTrackPage.java:56)at com.actitime.test.ValidLoginLogoutTest.testValidLoginLogout(ValidLoginLogoutTest.java:36)at java.base/jdk.internal.reflect.NativeMethodAccessorImpl.invoke0(Native Method)at java.base/jdk.internal.reflect.NativeMethodAccessorImpl.invoke(NativeMethodAccessorImpl.java:62)at java.base/jdk.internal.reflect.DelegatingMethodAccessorImpl.invoke(DelegatingMethodAccessorImpl.java:43)at java.base/java.lang.reflect.Method.invoke(Method.java:564)at org.testng.internal.MethodInvocationHelper.invokeMethod(MethodInvocationHelper.java:124)at org.testng.internal.Invoker.invokeMethod(Invoker.java:571)at org.testng.internal.Invoker.invokeTestMethod(Invoker.java:707)at org.testng.internal.Invoker.invokeTestMethods(Invoker.java:979)at org.testng.internal.TestMethodWorker.invokeTestMethods(TestMethodWorker.java:125)at org.testng.internal.TestMethodWorker.run(TestMethodWorker.java:109)at org.testng.TestRunner.privateRun(TestRunner.java:648)at org.testng.TestRunner.run(TestRunner.java:505)at org.testng.SuiteRunner.runTest(SuiteRunner.java:455)at org.testng.SuiteRunner.runSequentially(SuiteRunner.java:450)at org.testng.SuiteRunner.privateRun(SuiteRunner.java:415)at org.testng.SuiteRunner.run(SuiteRunner.java:364)at org.testng.SuiteRunnerWorker.runSuite(SuiteRunnerWorker.java:52)at org.testng.SuiteRunnerWorker.run(SuiteRunnerWorker.java:84)at org.testng.TestNG.runSuitesSequentially(TestNG.java:1187)at org.testng.TestNG.runSuitesLocally(TestNG.java:1116)at org.testng.TestNG.runSuites(TestNG.java:1028)at org.testng.TestNG.run(TestNG.java:996)at org.testng.remote.AbstractRemoteTestNG.run(AbstractRemoteTestNG.java:114)at org.testng.remote.RemoteTestNG.initAndRun(RemoteTestNG.java:251)at org.testng.remote.RemoteTestNG.main(RemoteTestNG.java:77)]]>
            </full-stacktrace>
          </exception> <!-- org.openqa.selenium.ElementClickInterceptedException -->
          <reporter-output>
            <line>
              <![CDATA[Title is >> actiTIME - Login]]>
            </line>
            <line>
              <![CDATA[Title is >> actiTIME - Enter Time-Track]]>
            </line>
          </reporter-output>
        </test-method> <!-- testValidLoginLogout -->
        <test-method is-config="true" signature="postCondition(org.testng.ITestResult)[pri:0, instance:com.actitime.test.ValidLoginLogoutTest@49049a04]" started-at="2018-11-29T23:42:14Z" name="postCondition" finished-at="2018-11-29T23:42:17Z" duration-ms="2625" status="PASS">
          <params>
            <param index="0">
              <value>
                <![CDATA[[TestResult name=testValidLoginLogout status=FAILURE method=ValidLoginLogoutTest.testValidLoginLogout()[pri:1, instance:com.actitime.test.ValidLoginLogoutTest@49049a04] output=Title is >> actiTIME - Login]]]>
              </value>
            </param>
          </params>
          <reporter-output>
          </reporter-output>
        </test-method> <!-- postCondition -->
      </class> <!-- com.actitime.test.ValidLoginLogoutTest -->
      <class name="com.actitime.test.InvalidLoginTest">
        <test-method is-config="true" signature="preCondition(java.lang.String, java.lang.String, java.lang.String)[pri:0, instance:com.actitime.test.InvalidLoginTest@6253c26]" started-at="2018-11-29T23:42:17Z" name="preCondition" finished-at="2018-11-29T23:42:32Z" duration-ms="15072" status="PASS">
          <params>
            <param index="0">
              <value>
                <![CDATA[http://localhost:4444/wd/hub/]]>
              </value>
            </param>
            <param index="1">
              <value>
                <![CDATA[firefox]]>
              </value>
            </param>
            <param index="2">
              <value>
                <![CDATA[https://demo.actitime.com/login.do]]>
              </value>
            </param>
          </params>
          <reporter-output>
          </reporter-output>
        </test-method> <!-- preCondition -->
        <test-method signature="testInvalidLogin()[pri:2, instance:com.actitime.test.InvalidLoginTest@6253c26]" started-at="2018-11-29T23:42:32Z" name="testInvalidLogin" finished-at="2018-11-29T23:42:47Z" duration-ms="14814" status="PASS">
          <reporter-output>
            <line>
              <![CDATA[Title is >> actiTIME - Login]]>
            </line>
            <line>
              <![CDATA[User Name>> admin]]>
            </line>
            <line>
              <![CDATA[Password>> damager]]>
            </line>
            <line>
              <![CDATA[Element is present]]>
            </line>
            <line>
              <![CDATA[Actual Error message >>Username or Password is invalid. Please try again.]]>
            </line>
            <line>
              <![CDATA[Expected Error message>> Username or Password is invalid. Please try again.]]>
            </line>
            <line>
              <![CDATA[User Name>> ]]>
            </line>
            <line>
              <![CDATA[Password>> ]]>
            </line>
            <line>
              <![CDATA[Element is present]]>
            </line>
            <line>
              <![CDATA[Actual Error message >>Username or Password is invalid. Please try again.]]>
            </line>
            <line>
              <![CDATA[Expected Error message>> Username or Password is invalid. Please try again.]]>
            </line>
            <line>
              <![CDATA[User Name>> admin]]>
            </line>
            <line>
              <![CDATA[Password>> ]]>
            </line>
            <line>
              <![CDATA[Element is present]]>
            </line>
            <line>
              <![CDATA[Actual Error message >>Username or Password is invalid. Please try again.]]>
            </line>
            <line>
              <![CDATA[Expected Error message>> Username or Password is invalid. Please try again.]]>
            </line>
            <line>
              <![CDATA[User Name>> ]]>
            </line>
            <line>
              <![CDATA[Password>> manager]]>
            </line>
            <line>
              <![CDATA[Element is present]]>
            </line>
            <line>
              <![CDATA[Actual Error message >>Username or Password is invalid. Please try again.]]>
            </line>
            <line>
              <![CDATA[Expected Error message>> Username or Password is invalid. Please try again.]]>
            </line>
            <line>
              <![CDATA[User Name>> @]]>
            </line>
            <line>
              <![CDATA[Password>> #]]>
            </line>
            <line>
              <![CDATA[Element is present]]>
            </line>
            <line>
              <![CDATA[Actual Error message >>Username or Password is invalid. Please try again.]]>
            </line>
            <line>
              <![CDATA[Expected Error message>> Username or Password is invalid. Please try again.]]>
            </line>
            <line>
              <![CDATA[User Name>>  ]]>
            </line>
            <line>
              <![CDATA[Password>> abc123]]>
            </line>
            <line>
              <![CDATA[Element is present]]>
            </line>
            <line>
              <![CDATA[Actual Error message >>Username or Password is invalid. Please try again.]]>
            </line>
            <line>
              <![CDATA[Expected Error message>> Username or Password is invalid. Please try again.]]>
            </line>
          </reporter-output>
        </test-method> <!-- testInvalidLogin -->
        <test-method is-config="true" signature="postCondition(org.testng.ITestResult)[pri:0, instance:com.actitime.test.InvalidLoginTest@6253c26]" started-at="2018-11-29T23:42:47Z" name="postCondition" finished-at="2018-11-29T23:42:49Z" duration-ms="2297" status="PASS">
          <params>
            <param index="0">
              <value>
                <![CDATA[[TestResult name=testInvalidLogin status=SUCCESS method=InvalidLoginTest.testInvalidLogin()[pri:2, instance:com.actitime.test.InvalidLoginTest@6253c26] output=Title is >> actiTIME - Login]]]>
              </value>
            </param>
          </params>
          <reporter-output>
          </reporter-output>
        </test-method> <!-- postCondition -->
      </class> <!-- com.actitime.test.InvalidLoginTest -->
      <class name="com.actitime.test.VerifyVersionTest">
        <test-method is-config="true" signature="preCondition(java.lang.String, java.lang.String, java.lang.String)[pri:0, instance:com.actitime.test.VerifyVersionTest@71a8adcf]" started-at="2018-11-29T23:42:49Z" name="preCondition" finished-at="2018-11-29T23:43:04Z" duration-ms="15066" status="PASS">
          <params>
            <param index="0">
              <value>
                <![CDATA[http://localhost:4444/wd/hub/]]>
              </value>
            </param>
            <param index="1">
              <value>
                <![CDATA[firefox]]>
              </value>
            </param>
            <param index="2">
              <value>
                <![CDATA[https://demo.actitime.com/login.do]]>
              </value>
            </param>
          </params>
          <reporter-output>
          </reporter-output>
        </test-method> <!-- preCondition -->
        <test-method signature="testVerifyVersion()[pri:3, instance:com.actitime.test.VerifyVersionTest@71a8adcf]" started-at="2018-11-29T23:43:04Z" name="testVerifyVersion" finished-at="2018-11-29T23:43:04Z" duration-ms="221" status="PASS">
          <reporter-output>
            <line>
              <![CDATA[Title is >> actiTIME - Login]]>
            </line>
            <line>
              <![CDATA[Element is present]]>
            </line>
            <line>
              <![CDATA[Actual Version>> actiTIME 2017.4]]>
            </line>
            <line>
              <![CDATA[Expected Version>> actiTIME 2017.4]]>
            </line>
            <line>
              <![CDATA[Version is Matching]]>
            </line>
          </reporter-output>
        </test-method> <!-- testVerifyVersion -->
        <test-method is-config="true" signature="postCondition(org.testng.ITestResult)[pri:0, instance:com.actitime.test.VerifyVersionTest@71a8adcf]" started-at="2018-11-29T23:43:04Z" name="postCondition" finished-at="2018-11-29T23:43:07Z" duration-ms="2379" status="PASS">
          <params>
            <param index="0">
              <value>
                <![CDATA[[TestResult name=testVerifyVersion status=SUCCESS method=VerifyVersionTest.testVerifyVersion()[pri:3, instance:com.actitime.test.VerifyVersionTest@71a8adcf] output=Title is >> actiTIME - Login]]]>
              </value>
            </param>
          </params>
          <reporter-output>
          </reporter-output>
        </test-method> <!-- postCondition -->
      </class> <!-- com.actitime.test.VerifyVersionTest -->
    </test> <!-- FirefoxTest -->
  </suite> <!-- Suite -->
</testng-results>
